/tmp/tmp72vH0U09.asm:
     1                          MODULE factorial_c
     2                          LINE 0, "src/math/factorial.c"
src/math/factorial.c:
                                
     1                          ;--------------------------------------------------------
     2                          ; File Created by SDCC : free open source ISO C Compiler
     3                          ; Version 4.5.0 #15242 (Mac OS X ppc)
     4                          ;--------------------------------------------------------
     5                          ; Processed by Z88DK
     6                          ;--------------------------------------------------------
     7                          
     8                          	EXTERN __divschar
     9                          	EXTERN __divschar_callee
    10                          	EXTERN __divsint
    11                          	EXTERN __divsint_callee
    12                          	EXTERN __divslong
    13                          	EXTERN __divslong_callee
    14                          	EXTERN __divslonglong
    15                          	EXTERN __divslonglong_callee
    16                          	EXTERN __divsuchar
    17                          	EXTERN __divsuchar_callee
    18                          	EXTERN __divuchar
    19                          	EXTERN __divuchar_callee
    20                          	EXTERN __divuint
    21                          	EXTERN __divuint_callee
    22                          	EXTERN __divulong
    23                          	EXTERN __divulong_callee
    24                          	EXTERN __divulonglong
    25                          	EXTERN __divulonglong_callee
    26                          	EXTERN __divuschar
    27                          	EXTERN __divuschar_callee
    28                          	EXTERN __modschar
    29                          	EXTERN __modschar_callee
    30                          	EXTERN __modsint
    31                          	EXTERN __modsint_callee
    32                          	EXTERN __modslong
    33                          	EXTERN __modslong_callee
    34                          	EXTERN __modslonglong
    35                          	EXTERN __modslonglong_callee
    36                          	EXTERN __modsuchar
    37                          	EXTERN __modsuchar_callee
    38                          	EXTERN __moduchar
    39                          	EXTERN __moduchar_callee
    40                          	EXTERN __moduint
    41                          	EXTERN __moduint_callee
    42                          	EXTERN __modulong
    43                          	EXTERN __modulong_callee
    44                          	EXTERN __modulonglong
    45                          	EXTERN __modulonglong_callee
    46                          	EXTERN __moduschar
    47                          	EXTERN __moduschar_callee
    48                          	EXTERN __mulint
    49                          	EXTERN __mulint_callee
    50                          	EXTERN __mullong
    51                          	EXTERN __mullong_callee
    52                          	EXTERN __mullonglong
    53                          	EXTERN __mullonglong_callee
    54                          	EXTERN __mulschar
    55                          	EXTERN __mulschar_callee
    56                          	EXTERN __mulsuchar
    57                          	EXTERN __mulsuchar_callee
    58                          	EXTERN __muluchar
    59                          	EXTERN __muluchar_callee
    60                          	EXTERN __muluschar
    61                          	EXTERN __muluschar_callee
    62                          	EXTERN __rlslonglong
    63                          	EXTERN __rlslonglong_callee
    64                          	EXTERN __rlulonglong
    65                          	EXTERN __rlulonglong_callee
    66                          	EXTERN __rrslonglong
    67                          	EXTERN __rrslonglong_callee
    68                          	EXTERN __rrulonglong
    69                          	EXTERN __rrulonglong_callee
    70                          	EXTERN ___mulsint2slong
    71                          	EXTERN ___mulsint2slong_callee
    72                          	EXTERN ___muluint2ulong
    73                          	EXTERN ___muluint2ulong_callee
    74                          	EXTERN ___sdcc_call_hl
    75                          	EXTERN ___sdcc_call_iy
    76                          	EXTERN ___sdcc_enter_ix
    77                          	EXTERN banked_call
    78                          	EXTERN _banked_ret
    79                          	EXTERN ___fs2schar
    80                          	EXTERN ___fs2schar_callee
    81                          	EXTERN ___fs2sint
    82                          	EXTERN ___fs2sint_callee
    83                          	EXTERN ___fs2slong
    84                          	EXTERN ___fs2slong_callee
    85                          	EXTERN ___fs2slonglong
    86                          	EXTERN ___fs2slonglong_callee
    87                          	EXTERN ___fs2uchar
    88                          	EXTERN ___fs2uchar_callee
    89                          	EXTERN ___fs2uint
    90                          	EXTERN ___fs2uint_callee
    91                          	EXTERN ___fs2ulong
    92                          	EXTERN ___fs2ulong_callee
    93                          	EXTERN ___fs2ulonglong
    94                          	EXTERN ___fs2ulonglong_callee
    95                          	EXTERN ___fsadd
    96                          	EXTERN ___fsadd_callee
    97                          	EXTERN ___fsdiv
    98                          	EXTERN ___fsdiv_callee
    99                          	EXTERN ___fseq
   100                          	EXTERN ___fseq_callee
   101                          	EXTERN ___fsgt
   102                          	EXTERN ___fsgt_callee
   103                          	EXTERN ___fslt
   104                          	EXTERN ___fslt_callee
   105                          	EXTERN ___fsmul
   106                          	EXTERN ___fsmul_callee
   107                          	EXTERN ___fsneq
   108                          	EXTERN ___fsneq_callee
   109                          	EXTERN ___fssub
   110                          	EXTERN ___fssub_callee
   111                          	EXTERN ___schar2fs
   112                          	EXTERN ___schar2fs_callee
   113                          	EXTERN ___sint2fs
   114                          	EXTERN ___sint2fs_callee
   115                          	EXTERN ___slong2fs
   116                          	EXTERN ___slong2fs_callee
   117                          	EXTERN ___slonglong2fs
   118                          	EXTERN ___slonglong2fs_callee
   119                          	EXTERN ___uchar2fs
   120                          	EXTERN ___uchar2fs_callee
   121                          	EXTERN ___uint2fs
   122                          	EXTERN ___uint2fs_callee
   123                          	EXTERN ___ulong2fs
   124                          	EXTERN ___ulong2fs_callee
   125                          	EXTERN ___ulonglong2fs
   126                          	EXTERN ___ulonglong2fs_callee
   127                          	EXTERN ____sdcc_2_copy_src_mhl_dst_deix
   128                          	EXTERN ____sdcc_2_copy_src_mhl_dst_bcix
   129                          	EXTERN ____sdcc_4_copy_src_mhl_dst_deix
   130                          	EXTERN ____sdcc_4_copy_src_mhl_dst_bcix
   131                          	EXTERN ____sdcc_4_copy_src_mhl_dst_mbc
   132                          	EXTERN ____sdcc_4_ldi_nosave_bc
   133                          	EXTERN ____sdcc_4_ldi_save_bc
   134                          	EXTERN ____sdcc_4_push_hlix
   135                          	EXTERN ____sdcc_4_push_mhl
   136                          	EXTERN ____sdcc_lib_setmem_hl
   137                          	EXTERN ____sdcc_ll_add_de_bc_hl
   138                          	EXTERN ____sdcc_ll_add_de_bc_hlix
   139                          	EXTERN ____sdcc_ll_add_de_hlix_bc
   140                          	EXTERN ____sdcc_ll_add_de_hlix_bcix
   141                          	EXTERN ____sdcc_ll_add_deix_bc_hl
   142                          	EXTERN ____sdcc_ll_add_deix_hlix
   143                          	EXTERN ____sdcc_ll_add_hlix_bc_deix
   144                          	EXTERN ____sdcc_ll_add_hlix_deix_bc
   145                          	EXTERN ____sdcc_ll_add_hlix_deix_bcix
   146                          	EXTERN ____sdcc_ll_asr_hlix_a
   147                          	EXTERN ____sdcc_ll_asr_mbc_a
   148                          	EXTERN ____sdcc_ll_copy_src_de_dst_hlix
   149                          	EXTERN ____sdcc_ll_copy_src_de_dst_hlsp
   150                          	EXTERN ____sdcc_ll_copy_src_deix_dst_hl
   151                          	EXTERN ____sdcc_ll_copy_src_deix_dst_hlix
   152                          	EXTERN ____sdcc_ll_copy_src_deixm_dst_hlsp
   153                          	EXTERN ____sdcc_ll_copy_src_desp_dst_hlsp
   154                          	EXTERN ____sdcc_ll_copy_src_hl_dst_de
   155                          	EXTERN ____sdcc_ll_copy_src_hlsp_dst_de
   156                          	EXTERN ____sdcc_ll_copy_src_hlsp_dst_deixm
   157                          	EXTERN ____sdcc_ll_lsl_hlix_a
   158                          	EXTERN ____sdcc_ll_lsl_mbc_a
   159                          	EXTERN ____sdcc_ll_lsr_hlix_a
   160                          	EXTERN ____sdcc_ll_lsr_mbc_a
   161                          	EXTERN ____sdcc_ll_push_hlix
   162                          	EXTERN ____sdcc_ll_push_mhl
   163                          	EXTERN ____sdcc_ll_sub_de_bc_hl
   164                          	EXTERN ____sdcc_ll_sub_de_bc_hlix
   165                          	EXTERN ____sdcc_ll_sub_de_hlix_bc
   166                          	EXTERN ____sdcc_ll_sub_de_hlix_bcix
   167                          	EXTERN ____sdcc_ll_sub_deix_bc_hl
   168                          	EXTERN ____sdcc_ll_sub_deix_hlix
   169                          	EXTERN ____sdcc_ll_sub_hlix_bc_deix
   170                          	EXTERN ____sdcc_ll_sub_hlix_deix_bc
   171                          	EXTERN ____sdcc_ll_sub_hlix_deix_bcix
   172                          	EXTERN ____sdcc_load_debc_deix
   173                          	EXTERN ____sdcc_load_dehl_deix
   174                          	EXTERN ____sdcc_load_debc_mhl
   175                          	EXTERN ____sdcc_load_hlde_mhl
   176                          	EXTERN ____sdcc_store_dehl_bcix
   177                          	EXTERN ____sdcc_store_debc_hlix
   178                          	EXTERN ____sdcc_store_debc_mhl
   179                          	EXTERN ____sdcc_cpu_pop_ei
   180                          	EXTERN ____sdcc_cpu_pop_ei_jp
   181                          	EXTERN ____sdcc_cpu_push_di
   182                          	EXTERN ____sdcc_outi
   183                          	EXTERN ____sdcc_outi_128
   184                          	EXTERN ____sdcc_outi_256
   185                          	EXTERN ____sdcc_ldi
   186                          	EXTERN ____sdcc_ldi_128
   187                          	EXTERN ____sdcc_ldi_256
   188                          	EXTERN ____sdcc_4_copy_srcd_hlix_dst_deix
   189                          	EXTERN ____sdcc_4_and_src_mbc_mhl_dst_deix
   190                          	EXTERN ____sdcc_4_or_src_mbc_mhl_dst_deix
   191                          	EXTERN ____sdcc_4_xor_src_mbc_mhl_dst_deix
   192                          	EXTERN ____sdcc_4_or_src_dehl_dst_bcix
   193                          	EXTERN ____sdcc_4_xor_src_dehl_dst_bcix
   194                          	EXTERN ____sdcc_4_and_src_dehl_dst_bcix
   195                          	EXTERN ____sdcc_4_xor_src_mbc_mhl_dst_debc
   196                          	EXTERN ____sdcc_4_or_src_mbc_mhl_dst_debc
   197                          	EXTERN ____sdcc_4_and_src_mbc_mhl_dst_debc
   198                          	EXTERN ____sdcc_4_cpl_src_mhl_dst_debc
   199                          	EXTERN ____sdcc_4_xor_src_debc_mhl_dst_debc
   200                          	EXTERN ____sdcc_4_or_src_debc_mhl_dst_debc
   201                          	EXTERN ____sdcc_4_and_src_debc_mhl_dst_debc
   202                          	EXTERN ____sdcc_4_and_src_debc_hlix_dst_debc
   203                          	EXTERN ____sdcc_4_or_src_debc_hlix_dst_debc
   204                          	EXTERN ____sdcc_4_xor_src_debc_hlix_dst_debc
   205                          	.zxn
   206                          
   207                          ;--------------------------------------------------------
   208                          ; Public variables in this module
   209                          ;--------------------------------------------------------
   210                          	GLOBAL _factorial
   211                          ;--------------------------------------------------------
   212                          ; Externals used
   213                          ;--------------------------------------------------------
   214                          	GLOBAL _zx_pattern_fill_callee
   215                          	GLOBAL _zx_pattern_fill
   216                          	GLOBAL _tshr_saddrpup_fastcall
   217                          	GLOBAL _tshr_saddrpup
   218                          	GLOBAL _tshr_saddrpright_callee
   219                          	GLOBAL _tshr_saddrpright
   220                          	GLOBAL _tshr_saddrpleft_callee
   221                          	GLOBAL _tshr_saddrpleft
   222                          	GLOBAL _tshr_saddrpdown_fastcall
   223                          	GLOBAL _tshr_saddrpdown
   224                          	GLOBAL _tshr_saddrcup_fastcall
   225                          	GLOBAL _tshr_saddrcup
   226                          	GLOBAL _tshr_saddrcright_fastcall
   227                          	GLOBAL _tshr_saddrcright
   228                          	GLOBAL _tshr_saddrcleft_fastcall
   229                          	GLOBAL _tshr_saddrcleft
   230                          	GLOBAL _tshr_saddrcdown_fastcall
   231                          	GLOBAL _tshr_saddrcdown
   232                          	GLOBAL _tshr_saddr2py_fastcall
   233                          	GLOBAL _tshr_saddr2py
   234                          	GLOBAL _tshr_saddr2px_fastcall
   235                          	GLOBAL _tshr_saddr2px
   236                          	GLOBAL _tshr_saddr2cy_fastcall
   237                          	GLOBAL _tshr_saddr2cy
   238                          	GLOBAL _tshr_saddr2cx_fastcall
   239                          	GLOBAL _tshr_saddr2cx
   240                          	GLOBAL _tshr_py2saddr_fastcall
   241                          	GLOBAL _tshr_py2saddr
   242                          	GLOBAL _tshr_pxy2saddr_callee
   243                          	GLOBAL _tshr_pxy2saddr
   244                          	GLOBAL _tshr_px2bitmask_fastcall
   245                          	GLOBAL _tshr_px2bitmask
   246                          	GLOBAL _tshr_cy2saddr_fastcall
   247                          	GLOBAL _tshr_cy2saddr
   248                          	GLOBAL _tshr_cxy2saddr_callee
   249                          	GLOBAL _tshr_cxy2saddr
   250                          	GLOBAL _tshr_bitmask2px_fastcall
   251                          	GLOBAL _tshr_bitmask2px
   252                          	GLOBAL _tshc_saddrpup_fastcall
   253                          	GLOBAL _tshc_saddrpup
   254                          	GLOBAL _tshc_saddrpright_callee
   255                          	GLOBAL _tshc_saddrpright
   256                          	GLOBAL _tshc_saddrpleft_callee
   257                          	GLOBAL _tshc_saddrpleft
   258                          	GLOBAL _tshc_saddrpdown_fastcall
   259                          	GLOBAL _tshc_saddrpdown
   260                          	GLOBAL _tshc_saddrcup_fastcall
   261                          	GLOBAL _tshc_saddrcup
   262                          	GLOBAL _tshc_saddrcright_fastcall
   263                          	GLOBAL _tshc_saddrcright
   264                          	GLOBAL _tshc_saddrcleft_fastcall
   265                          	GLOBAL _tshc_saddrcleft
   266                          	GLOBAL _tshc_saddrcdown_fastcall
   267                          	GLOBAL _tshc_saddrcdown
   268                          	GLOBAL _tshc_saddr2py_fastcall
   269                          	GLOBAL _tshc_saddr2py
   270                          	GLOBAL _tshc_saddr2px_fastcall
   271                          	GLOBAL _tshc_saddr2px
   272                          	GLOBAL _tshc_saddr2cy_fastcall
   273                          	GLOBAL _tshc_saddr2cy
   274                          	GLOBAL _tshc_saddr2cx_fastcall
   275                          	GLOBAL _tshc_saddr2cx
   276                          	GLOBAL _tshc_saddr2aaddr_fastcall
   277                          	GLOBAL _tshc_saddr2aaddr
   278                          	GLOBAL _tshc_py2saddr_fastcall
   279                          	GLOBAL _tshc_py2saddr
   280                          	GLOBAL _tshc_py2aaddr_fastcall
   281                          	GLOBAL _tshc_py2aaddr
   282                          	GLOBAL _tshc_pxy2saddr_callee
   283                          	GLOBAL _tshc_pxy2saddr
   284                          	GLOBAL _tshc_pxy2aaddr_callee
   285                          	GLOBAL _tshc_pxy2aaddr
   286                          	GLOBAL _tshc_px2bitmask_fastcall
   287                          	GLOBAL _tshc_px2bitmask
   288                          	GLOBAL _tshc_cy2saddr_fastcall
   289                          	GLOBAL _tshc_cy2saddr
   290                          	GLOBAL _tshc_cy2aaddr_fastcall
   291                          	GLOBAL _tshc_cy2aaddr
   292                          	GLOBAL _tshc_cxy2saddr_callee
   293                          	GLOBAL _tshc_cxy2saddr
   294                          	GLOBAL _tshc_cxy2aaddr_callee
   295                          	GLOBAL _tshc_cxy2aaddr
   296                          	GLOBAL _tshc_bitmask2px_fastcall
   297                          	GLOBAL _tshc_bitmask2px
   298                          	GLOBAL _tshc_aaddrpup_fastcall
   299                          	GLOBAL _tshc_aaddrpup
   300                          	GLOBAL _tshc_aaddrpright_callee
   301                          	GLOBAL _tshc_aaddrpright
   302                          	GLOBAL _tshc_aaddrpleft_callee
   303                          	GLOBAL _tshc_aaddrpleft
   304                          	GLOBAL _tshc_aaddrpdown_fastcall
   305                          	GLOBAL _tshc_aaddrpdown
   306                          	GLOBAL _tshc_aaddrcup_fastcall
   307                          	GLOBAL _tshc_aaddrcup
   308                          	GLOBAL _tshc_aaddrcright_fastcall
   309                          	GLOBAL _tshc_aaddrcright
   310                          	GLOBAL _tshc_aaddrcleft_fastcall
   311                          	GLOBAL _tshc_aaddrcleft
   312                          	GLOBAL _tshc_aaddrcdown_fastcall
   313                          	GLOBAL _tshc_aaddrcdown
   314                          	GLOBAL _tshc_aaddr2saddr_fastcall
   315                          	GLOBAL _tshc_aaddr2saddr
   316                          	GLOBAL _tshc_aaddr2py_fastcall
   317                          	GLOBAL _tshc_aaddr2py
   318                          	GLOBAL _tshc_aaddr2px_fastcall
   319                          	GLOBAL _tshc_aaddr2px
   320                          	GLOBAL _tshc_aaddr2cy_fastcall
   321                          	GLOBAL _tshc_aaddr2cy
   322                          	GLOBAL _tshc_aaddr2cx_fastcall
   323                          	GLOBAL _tshc_aaddr2cx
   324                          	GLOBAL _zx_saddrpup_fastcall
   325                          	GLOBAL _zx_saddrpup
   326                          	GLOBAL _zx_saddrpright_callee
   327                          	GLOBAL _zx_saddrpright
   328                          	GLOBAL _zx_saddrpleft_callee
   329                          	GLOBAL _zx_saddrpleft
   330                          	GLOBAL _zx_saddrpdown_fastcall
   331                          	GLOBAL _zx_saddrpdown
   332                          	GLOBAL _zx_saddrcup_fastcall
   333                          	GLOBAL _zx_saddrcup
   334                          	GLOBAL _zx_saddrcright_fastcall
   335                          	GLOBAL _zx_saddrcright
   336                          	GLOBAL _zx_saddrcleft_fastcall
   337                          	GLOBAL _zx_saddrcleft
   338                          	GLOBAL _zx_saddrcdown_fastcall
   339                          	GLOBAL _zx_saddrcdown
   340                          	GLOBAL _zx_saddr2py_fastcall
   341                          	GLOBAL _zx_saddr2py
   342                          	GLOBAL _zx_saddr2px_fastcall
   343                          	GLOBAL _zx_saddr2px
   344                          	GLOBAL _zx_saddr2cy_fastcall
   345                          	GLOBAL _zx_saddr2cy
   346                          	GLOBAL _zx_saddr2cx_fastcall
   347                          	GLOBAL _zx_saddr2cx
   348                          	GLOBAL _zx_saddr2aaddr_fastcall
   349                          	GLOBAL _zx_saddr2aaddr
   350                          	GLOBAL _zx_py2saddr_fastcall
   351                          	GLOBAL _zx_py2saddr
   352                          	GLOBAL _zx_py2aaddr_fastcall
   353                          	GLOBAL _zx_py2aaddr
   354                          	GLOBAL _zx_pxy2saddr_callee
   355                          	GLOBAL _zx_pxy2saddr
   356                          	GLOBAL _zx_pxy2aaddr_callee
   357                          	GLOBAL _zx_pxy2aaddr
   358                          	GLOBAL _zx_px2bitmask_fastcall
   359                          	GLOBAL _zx_px2bitmask
   360                          	GLOBAL _zx_cy2saddr_fastcall
   361                          	GLOBAL _zx_cy2saddr
   362                          	GLOBAL _zx_cy2aaddr_fastcall
   363                          	GLOBAL _zx_cy2aaddr
   364                          	GLOBAL _zx_cxy2saddr_callee
   365                          	GLOBAL _zx_cxy2saddr
   366                          	GLOBAL _zx_cxy2aaddr_callee
   367                          	GLOBAL _zx_cxy2aaddr
   368                          	GLOBAL _zx_bitmask2px_fastcall
   369                          	GLOBAL _zx_bitmask2px
   370                          	GLOBAL _zx_aaddrcup_fastcall
   371                          	GLOBAL _zx_aaddrcup
   372                          	GLOBAL _zx_aaddrcright_fastcall
   373                          	GLOBAL _zx_aaddrcright
   374                          	GLOBAL _zx_aaddrcleft_fastcall
   375                          	GLOBAL _zx_aaddrcleft
   376                          	GLOBAL _zx_aaddrcdown_fastcall
   377                          	GLOBAL _zx_aaddrcdown
   378                          	GLOBAL _zx_aaddr2saddr_fastcall
   379                          	GLOBAL _zx_aaddr2saddr
   380                          	GLOBAL _zx_aaddr2py_fastcall
   381                          	GLOBAL _zx_aaddr2py
   382                          	GLOBAL _zx_aaddr2px_fastcall
   383                          	GLOBAL _zx_aaddr2px
   384                          	GLOBAL _zx_aaddr2cy_fastcall
   385                          	GLOBAL _zx_aaddr2cy
   386                          	GLOBAL _zx_aaddr2cx_fastcall
   387                          	GLOBAL _zx_aaddr2cx
   388                          	GLOBAL _tshr_visit_wc_pix_callee
   389                          	GLOBAL _tshr_visit_wc_pix
   390                          	GLOBAL _tshr_scroll_wc_up_pix_callee
   391                          	GLOBAL _tshr_scroll_wc_up_pix
   392                          	GLOBAL _tshr_scroll_up_pix_callee
   393                          	GLOBAL _tshr_scroll_up_pix
   394                          	GLOBAL _tshr_scroll_up_callee
   395                          	GLOBAL _tshr_scroll_up
   396                          	GLOBAL _tshr_cls_wc_pix_callee
   397                          	GLOBAL _tshr_cls_wc_pix
   398                          	GLOBAL _tshr_cls_pix_fastcall
   399                          	GLOBAL _tshr_cls_pix
   400                          	GLOBAL _tshr_cls_attr_fastcall
   401                          	GLOBAL _tshr_cls_attr
   402                          	GLOBAL _tshr_cls_fastcall
   403                          	GLOBAL _tshr_cls
   404                          	GLOBAL _tshc_visit_wc_pix_callee
   405                          	GLOBAL _tshc_visit_wc_pix
   406                          	GLOBAL _tshc_visit_wc_attr_callee
   407                          	GLOBAL _tshc_visit_wc_attr
   408                          	GLOBAL _tshc_scroll_wc_up_pix_callee
   409                          	GLOBAL _tshc_scroll_wc_up_pix
   410                          	GLOBAL _tshc_scroll_wc_up_attr_callee
   411                          	GLOBAL _tshc_scroll_wc_up_attr
   412                          	GLOBAL _tshc_scroll_wc_up_callee
   413                          	GLOBAL _tshc_scroll_wc_up
   414                          	GLOBAL _tshc_scroll_up_pix_callee
   415                          	GLOBAL _tshc_scroll_up_pix
   416                          	GLOBAL _tshc_scroll_up_attr_callee
   417                          	GLOBAL _tshc_scroll_up_attr
   418                          	GLOBAL _tshc_scroll_up_callee
   419                          	GLOBAL _tshc_scroll_up
   420                          	GLOBAL _tshc_cls_wc_pix_callee
   421                          	GLOBAL _tshc_cls_wc_pix
   422                          	GLOBAL _tshc_cls_wc_attr_callee
   423                          	GLOBAL _tshc_cls_wc_attr
   424                          	GLOBAL _tshc_cls_wc_callee
   425                          	GLOBAL _tshc_cls_wc
   426                          	GLOBAL _tshc_cls_pix_fastcall
   427                          	GLOBAL _tshc_cls_pix
   428                          	GLOBAL _tshc_cls_attr_fastcall
   429                          	GLOBAL _tshc_cls_attr
   430                          	GLOBAL _tshc_cls_fastcall
   431                          	GLOBAL _tshc_cls
   432                          	GLOBAL _zx_visit_wc_pix_callee
   433                          	GLOBAL _zx_visit_wc_pix
   434                          	GLOBAL _zx_visit_wc_attr_callee
   435                          	GLOBAL _zx_visit_wc_attr
   436                          	GLOBAL _zx_scroll_wc_up_pix_callee
   437                          	GLOBAL _zx_scroll_wc_up_pix
   438                          	GLOBAL _zx_scroll_wc_up_attr_callee
   439                          	GLOBAL _zx_scroll_wc_up_attr
   440                          	GLOBAL _zx_scroll_wc_up_callee
   441                          	GLOBAL _zx_scroll_wc_up
   442                          	GLOBAL _zx_scroll_up_pix_callee
   443                          	GLOBAL _zx_scroll_up_pix
   444                          	GLOBAL _zx_scroll_up_attr_callee
   445                          	GLOBAL _zx_scroll_up_attr
   446                          	GLOBAL _zx_scroll_up_callee
   447                          	GLOBAL _zx_scroll_up
   448                          	GLOBAL _zx_cls_wc_pix_callee
   449                          	GLOBAL _zx_cls_wc_pix
   450                          	GLOBAL _zx_cls_wc_attr_callee
   451                          	GLOBAL _zx_cls_wc_attr
   452                          	GLOBAL _zx_cls_wc_callee
   453                          	GLOBAL _zx_cls_wc
   454                          	GLOBAL _zx_cls_pix_fastcall
   455                          	GLOBAL _zx_cls_pix
   456                          	GLOBAL _zx_cls_attr_fastcall
   457                          	GLOBAL _zx_cls_attr
   458                          	GLOBAL _zx_cls_fastcall
   459                          	GLOBAL _zx_cls
   460                          	GLOBAL _zx_border_fastcall
   461                          	GLOBAL _zx_border
   462                          	GLOBAL _ts_vmod_fastcall
   463                          	GLOBAL _ts_vmod
   464                          	GLOBAL _zx_tape_verify_block_callee
   465                          	GLOBAL _zx_tape_verify_block
   466                          	GLOBAL _zx_tape_save_block_callee
   467                          	GLOBAL _zx_tape_save_block
   468                          	GLOBAL _zx_tape_load_block_callee
   469                          	GLOBAL _zx_tape_load_block
   470                          	GLOBAL _check_version_nextzxos_fastcall
   471                          	GLOBAL _check_version_nextzxos
   472                          	GLOBAL _check_version_esxdos_fastcall
   473                          	GLOBAL _check_version_esxdos
   474                          	GLOBAL _check_version_core_fastcall
   475                          	GLOBAL _check_version_core
   476                          	GLOBAL _zxn_mangle_bank_state_fastcall
   477                          	GLOBAL _zxn_mangle_bank_state
   478                          	GLOBAL _zxn_write_sysvar_bank_state_fastcall
   479                          	GLOBAL _zxn_write_sysvar_bank_state
   480                          	GLOBAL _zxn_read_sysvar_bank_state
   481                          	GLOBAL _zxn_write_bank_state_fastcall
   482                          	GLOBAL _zxn_write_bank_state
   483                          	GLOBAL _zxn_write_mmu_state_fastcall
   484                          	GLOBAL _zxn_write_mmu_state
   485                          	GLOBAL _zxn_read_mmu_state_fastcall
   486                          	GLOBAL _zxn_read_mmu_state
   487                          	GLOBAL _zxn_page_from_addr_fastcall
   488                          	GLOBAL _zxn_page_from_addr
   489                          	GLOBAL _zxn_addr_from_page_fastcall
   490                          	GLOBAL _zxn_addr_from_page
   491                          	GLOBAL _zxn_addr_in_mmu_callee
   492                          	GLOBAL _zxn_addr_in_mmu
   493                          	GLOBAL _zxn_mmu_from_addr_fastcall
   494                          	GLOBAL _zxn_mmu_from_addr
   495                          	GLOBAL _zxn_addr_from_mmu_fastcall
   496                          	GLOBAL _zxn_addr_from_mmu
   497                          	GLOBAL _ZXN_READ_MMU7
   498                          	GLOBAL _ZXN_READ_MMU6
   499                          	GLOBAL _ZXN_READ_MMU5
   500                          	GLOBAL _ZXN_READ_MMU4
   501                          	GLOBAL _ZXN_READ_MMU3
   502                          	GLOBAL _ZXN_READ_MMU2
   503                          	GLOBAL _ZXN_READ_MMU1
   504                          	GLOBAL _ZXN_READ_MMU0
   505                          	GLOBAL _ZXN_WRITE_REG_callee
   506                          	GLOBAL _ZXN_WRITE_REG
   507                          	GLOBAL _ZXN_READ_REG_fastcall
   508                          	GLOBAL _ZXN_READ_REG
   509                          	GLOBAL _tmpnam_ex_fastcall
   510                          	GLOBAL _tmpnam_ex
   511                          	GLOBAL _tmpnam_fastcall
   512                          	GLOBAL _tmpnam
   513                          	GLOBAL _vscanf_unlocked_callee
   514                          	GLOBAL _vscanf_unlocked
   515                          	GLOBAL _vprintf_unlocked_callee
   516                          	GLOBAL _vprintf_unlocked
   517                          	GLOBAL _vfscanf_unlocked_callee
   518                          	GLOBAL _vfscanf_unlocked
   519                          	GLOBAL _vfprintf_unlocked_callee
   520                          	GLOBAL _vfprintf_unlocked
   521                          	GLOBAL _ungetc_unlocked_callee
   522                          	GLOBAL _ungetc_unlocked
   523                          	GLOBAL _scanf_unlocked
   524                          	GLOBAL _rewind_unlocked_fastcall
   525                          	GLOBAL _rewind_unlocked
   526                          	GLOBAL _puts_unlocked_fastcall
   527                          	GLOBAL _puts_unlocked
   528                          	GLOBAL _putchar_unlocked_fastcall
   529                          	GLOBAL _putchar_unlocked
   530                          	GLOBAL _putc_unlocked_callee
   531                          	GLOBAL _putc_unlocked
   532                          	GLOBAL _printf_unlocked
   533                          	GLOBAL _gets_unlocked_fastcall
   534                          	GLOBAL _gets_unlocked
   535                          	GLOBAL _getline_unlocked_callee
   536                          	GLOBAL _getline_unlocked
   537                          	GLOBAL _getdelim_unlocked_callee
   538                          	GLOBAL _getdelim_unlocked
   539                          	GLOBAL _getchar_unlocked
   540                          	GLOBAL _getc_unlocked_fastcall
   541                          	GLOBAL _getc_unlocked
   542                          	GLOBAL _fwrite_unlocked_callee
   543                          	GLOBAL _fwrite_unlocked
   544                          	GLOBAL _ftell_unlocked_fastcall
   545                          	GLOBAL _ftell_unlocked
   546                          	GLOBAL _fsetpos_unlocked_callee
   547                          	GLOBAL _fsetpos_unlocked
   548                          	GLOBAL _fseek_unlocked_callee
   549                          	GLOBAL _fseek_unlocked
   550                          	GLOBAL _fscanf_unlocked
   551                          	GLOBAL _freopen_unlocked_callee
   552                          	GLOBAL _freopen_unlocked
   553                          	GLOBAL _fread_unlocked_callee
   554                          	GLOBAL _fread_unlocked
   555                          	GLOBAL _fputs_unlocked_callee
   556                          	GLOBAL _fputs_unlocked
   557                          	GLOBAL _fputc_unlocked_callee
   558                          	GLOBAL _fputc_unlocked
   559                          	GLOBAL _fprintf_unlocked
   560                          	GLOBAL _fileno_unlocked_fastcall
   561                          	GLOBAL _fileno_unlocked
   562                          	GLOBAL _fgets_unlocked_callee
   563                          	GLOBAL _fgets_unlocked
   564                          	GLOBAL _fgetpos_unlocked_callee
   565                          	GLOBAL _fgetpos_unlocked
   566                          	GLOBAL _fgetc_unlocked_fastcall
   567                          	GLOBAL _fgetc_unlocked
   568                          	GLOBAL _fflush_unlocked_fastcall
   569                          	GLOBAL _fflush_unlocked
   570                          	GLOBAL _ferror_unlocked_fastcall
   571                          	GLOBAL _ferror_unlocked
   572                          	GLOBAL _feof_unlocked_fastcall
   573                          	GLOBAL _feof_unlocked
   574                          	GLOBAL _fclose_unlocked_fastcall
   575                          	GLOBAL _fclose_unlocked
   576                          	GLOBAL _clearerr_unlocked_fastcall
   577                          	GLOBAL _clearerr_unlocked
   578                          	GLOBAL _vsscanf_callee
   579                          	GLOBAL _vsscanf
   580                          	GLOBAL _vsprintf_callee
   581                          	GLOBAL _vsprintf
   582                          	GLOBAL _vsnprintf_callee
   583                          	GLOBAL _vsnprintf
   584                          	GLOBAL _vscanf_callee
   585                          	GLOBAL _vscanf
   586                          	GLOBAL _vprintf_callee
   587                          	GLOBAL _vprintf
   588                          	GLOBAL _vfscanf_callee
   589                          	GLOBAL _vfscanf
   590                          	GLOBAL _vfprintf_callee
   591                          	GLOBAL _vfprintf
   592                          	GLOBAL _vasprintf_callee
   593                          	GLOBAL _vasprintf
   594                          	GLOBAL _ungetc_callee
   595                          	GLOBAL _ungetc
   596                          	GLOBAL _sscanf
   597                          	GLOBAL _sprintf
   598                          	GLOBAL _snprintf
   599                          	GLOBAL _scanf
   600                          	GLOBAL _rewind_fastcall
   601                          	GLOBAL _rewind
   602                          	GLOBAL _puts_fastcall
   603                          	GLOBAL _puts
   604                          	GLOBAL _putchar_fastcall
   605                          	GLOBAL _putchar
   606                          	GLOBAL _putc_callee
   607                          	GLOBAL _putc
   608                          	GLOBAL _printf
   609                          	GLOBAL _perror_fastcall
   610                          	GLOBAL _perror
   611                          	GLOBAL _open_memstream_callee
   612                          	GLOBAL _open_memstream
   613                          	GLOBAL _obstack_vprintf_callee
   614                          	GLOBAL _obstack_vprintf
   615                          	GLOBAL _obstack_printf
   616                          	GLOBAL _gets_fastcall
   617                          	GLOBAL _gets
   618                          	GLOBAL _getline_callee
   619                          	GLOBAL _getline
   620                          	GLOBAL _getdelim_callee
   621                          	GLOBAL _getdelim
   622                          	GLOBAL _getchar
   623                          	GLOBAL _getc_fastcall
   624                          	GLOBAL _getc
   625                          	GLOBAL _fwrite_callee
   626                          	GLOBAL _fwrite
   627                          	GLOBAL _funlockfile_fastcall
   628                          	GLOBAL _funlockfile
   629                          	GLOBAL _ftrylockfile_fastcall
   630                          	GLOBAL _ftrylockfile
   631                          	GLOBAL _ftell_fastcall
   632                          	GLOBAL _ftell
   633                          	GLOBAL _fsetpos_callee
   634                          	GLOBAL _fsetpos
   635                          	GLOBAL _fseek_callee
   636                          	GLOBAL _fseek
   637                          	GLOBAL _fscanf
   638                          	GLOBAL _freopen_callee
   639                          	GLOBAL _freopen
   640                          	GLOBAL _fread_callee
   641                          	GLOBAL _fread
   642                          	GLOBAL _fputs_callee
   643                          	GLOBAL _fputs
   644                          	GLOBAL _fputc_callee
   645                          	GLOBAL _fputc
   646                          	GLOBAL _fprintf
   647                          	GLOBAL _fopen_callee
   648                          	GLOBAL _fopen
   649                          	GLOBAL _fmemopen_callee
   650                          	GLOBAL _fmemopen
   651                          	GLOBAL _flockfile_fastcall
   652                          	GLOBAL _flockfile
   653                          	GLOBAL _fileno_fastcall
   654                          	GLOBAL _fileno
   655                          	GLOBAL _fgets_callee
   656                          	GLOBAL _fgets
   657                          	GLOBAL _fgetpos_callee
   658                          	GLOBAL _fgetpos
   659                          	GLOBAL _fgetc_fastcall
   660                          	GLOBAL _fgetc
   661                          	GLOBAL _fflush_fastcall
   662                          	GLOBAL _fflush
   663                          	GLOBAL _ferror_fastcall
   664                          	GLOBAL _ferror
   665                          	GLOBAL _feof_fastcall
   666                          	GLOBAL _feof
   667                          	GLOBAL _fdopen_callee
   668                          	GLOBAL _fdopen
   669                          	GLOBAL _fclose_fastcall
   670                          	GLOBAL _fclose
   671                          	GLOBAL _clearerr_fastcall
   672                          	GLOBAL _clearerr
   673                          	GLOBAL _asprintf
   674                          	GLOBAL __fmemopen__callee
   675                          	GLOBAL __fmemopen_
   676                          	GLOBAL _GLOBAL_ZXN_PORT_DFFD
   677                          	GLOBAL _GLOBAL_ZXN_PORT_7FFD
   678                          	GLOBAL _GLOBAL_ZXN_PORT_1FFD
   679                          	GLOBAL _GLOBAL_ZXN_PORT_FE
   680                          	GLOBAL _GLOBAL_TS_PORT_FE
   681                          	GLOBAL _GLOBAL_ZX_PORT_7FFD
   682                          	GLOBAL _GLOBAL_ZX_PORT_1FFD
   683                          	GLOBAL _GLOBAL_ZX_PORT_FE
   684                          	GLOBAL _stderr
   685                          	GLOBAL _stdout
   686                          	GLOBAL _stdin
   687                          	GLOBAL __MAX_FOPEN
   688                          ;--------------------------------------------------------
   689                          ; special function registers
   690                          ;--------------------------------------------------------
   691                          defc _IO_FE	=	0x00fe
   692                          defc _IO_FF	=	0x00ff
   693                          defc _IO_TIMEX_VIDEO_MODE	=	0x00ff
   694                          defc _IO_1FFD	=	0x1ffd
   695                          defc _IO_7FFD	=	0x7ffd
   696                          defc _IO_DFFD	=	0xdffd
   697                          defc _IO_0F	=	0x000f
   698                          defc _IO_DAC_L0	=	0x000f
   699                          defc _IO_1F	=	0x001f
   700                          defc _IO_DAC_L1	=	0x001f
   701                          defc _IO_4F	=	0x004f
   702                          defc _IO_DAC_R0	=	0x004f
   703                          defc _IO_5F	=	0x005f
   704                          defc _IO_DAC_R1	=	0x005f
   705                          defc _IO_DF	=	0x00df
   706                          defc _IO_DAC_M0	=	0x00df
   707                          defc _IO_FFFD	=	0xfffd
   708                          defc _IO_TURBOSOUND	=	0xfffd
   709                          defc _IO_AY_REG	=	0xfffd
   710                          defc _IO_BFFD	=	0xbffd
   711                          defc _IO_AY_DAT	=	0xbffd
   712                          defc _IO_123B	=	0x123b
   713                          defc _IO_LAYER_2_CONFIG	=	0x123b
   714                          defc _IO_303B	=	0x303b
   715                          defc _IO_SPRITE_SLOT	=	0x303b
   716                          defc _IO_SPRITE_FLAGS	=	0x303b
   717                          defc _IO_57	=	0x0057
   718                          defc _IO_SPRITE_ATTRIBUTE	=	0x0057
   719                          defc _IO_5B	=	0x005b
   720                          defc _IO_SPRITE_PATTERN	=	0x005b
   721                          defc _IO_143B	=	0x143b
   722                          defc _IO_UART_RX	=	0x143b
   723                          defc _IO_UART_BAUD_RATE	=	0x143b
   724                          defc _IO_133B	=	0x133b
   725                          defc _IO_UART_TX	=	0x133b
   726                          defc _IO_UART_STATUS	=	0x133b
   727                          defc _IO_6B	=	0x006b
   728                          defc _IO_DMA	=	0x006b
   729                          defc _IO_E3	=	0x00e3
   730                          defc _IO_DIVIDE_CONTROL	=	0x00e3
   731                          defc _IO_E7	=	0x00e7
   732                          defc _IO_SPI_CONTROL	=	0x00e7
   733                          defc _IO_SPI_STATUS	=	0x00e7
   734                          defc _IO_EB	=	0x00eb
   735                          defc _IO_SPI_DATA	=	0x00eb
   736                          defc _IO_103B	=	0x103b
   737                          defc _IO_I2C_SCL	=	0x103b
   738                          defc _IO_113B	=	0x113b
   739                          defc _IO_I2C_SDA	=	0x113b
   740                          defc _IO_LED_L	=	0x103b
   741                          defc _IO_243B	=	0x243b
   742                          defc _IO_NEXTREG_REG	=	0x243b
   743                          defc _IO_253B	=	0x253b
   744                          defc _IO_NEXTREG_DAT	=	0x253b
   745                          ;--------------------------------------------------------
   746                          ; ram data
   747                          ;--------------------------------------------------------
   748                          	SECTION bss_compiler
   749                          ;--------------------------------------------------------
   750                          ; ram data
   751                          ;--------------------------------------------------------
   752                          
   753                          IF 0
   754                          
   755                          ; .area _INITIALIZED removed by z88dk
   756                          
   757                          
   758                          ENDIF
   759                          
   760                          ;--------------------------------------------------------
   761                          ; absolute external ram data
   762                          ;--------------------------------------------------------
   763                          	SECTION IGNORE
   764                          ;--------------------------------------------------------
   765                          ; global & static initialisations
   766                          ;--------------------------------------------------------
   767                          	SECTION code_crt_init
   768                          ;--------------------------------------------------------
   769                          ; Home
   770                          ;--------------------------------------------------------
   771                          	SECTION code_home
   772                          ;--------------------------------------------------------
   773                          ; code
   774                          ;--------------------------------------------------------
   775                          	SECTION code_compiler
   776                          ;src/math/factorial.c:6: int factorial(int fact_n) {
   777                          ;	---------------------------------
   778                          ; Function factorial
   779                          ; ---------------------------------
   780                          _factorial:
   781  0000  dde5              	push	ix
   782  0002  dd210000          	ld	ix,0
   783  0006  dd39              	add	ix,sp
   784                          ;src/math/factorial.c:7: int value = 1;
   785  0008  210100            	ld	hl,0x0001
   786                          ;src/math/factorial.c:8: for (int i = 2; i <= fact_n; i++) {
   787  000b  010200            	ld	bc,0x0002
   788                          l_factorial_00103:
   789  000e  dd7e04            	ld	a,(ix+4)
   790  0011  91                	sub	a, c
   791  0012  dd7e05            	ld	a,(ix+5)
   792  0015  98                	sbc	a, b
   793  0016  e21b00            	jp	PO, l_factorial_00122
   794  0019  ee80              	xor	a,0x80
   795                          l_factorial_00122:
   796  001b  fa2800            	jp	M, l_factorial_00101
   797                          ;src/math/factorial.c:9: value *= i;
   798  001e  c5                	push	bc
   799  001f  c5                	push	bc
   800  0020  e5                	push	hl
   801                          ;src/math/factorial.c:8: for (int i = 2; i <= fact_n; i++) {
   802  0021  cd0000            	call	__mulint_callee
   803  0024  c1                	pop	bc
   804  0025  03                	inc	bc
   805  0026  18e6              	jr	l_factorial_00103
   806                          l_factorial_00101:
   807                          ;src/math/factorial.c:11: return value;
   808                          ;src/math/factorial.c:12: }
   809  0028  dde1              	pop	ix
   810  002a  c9                	ret
   811                          	SECTION IGNORE
   812                          
