/tmp/tmpPI2AXffB.asm:
     1                          MODULE fibonacci_c
     2                          LINE 0, "src/math/fibonacci.c"
src/math/fibonacci.c:
                                
     1                          ;--------------------------------------------------------
     2                          ; File Created by SDCC : free open source ISO C Compiler
     3                          ; Version 4.5.0 #15242 (Mac OS X ppc)
     4                          ;--------------------------------------------------------
     5                          ; Processed by Z88DK
     6                          ;--------------------------------------------------------
     7                          
     8                          	EXTERN __divschar
     9                          	EXTERN __divschar_callee
    10                          	EXTERN __divsint
    11                          	EXTERN __divsint_callee
    12                          	EXTERN __divslong
    13                          	EXTERN __divslong_callee
    14                          	EXTERN __divslonglong
    15                          	EXTERN __divslonglong_callee
    16                          	EXTERN __divsuchar
    17                          	EXTERN __divsuchar_callee
    18                          	EXTERN __divuchar
    19                          	EXTERN __divuchar_callee
    20                          	EXTERN __divuint
    21                          	EXTERN __divuint_callee
    22                          	EXTERN __divulong
    23                          	EXTERN __divulong_callee
    24                          	EXTERN __divulonglong
    25                          	EXTERN __divulonglong_callee
    26                          	EXTERN __divuschar
    27                          	EXTERN __divuschar_callee
    28                          	EXTERN __modschar
    29                          	EXTERN __modschar_callee
    30                          	EXTERN __modsint
    31                          	EXTERN __modsint_callee
    32                          	EXTERN __modslong
    33                          	EXTERN __modslong_callee
    34                          	EXTERN __modslonglong
    35                          	EXTERN __modslonglong_callee
    36                          	EXTERN __modsuchar
    37                          	EXTERN __modsuchar_callee
    38                          	EXTERN __moduchar
    39                          	EXTERN __moduchar_callee
    40                          	EXTERN __moduint
    41                          	EXTERN __moduint_callee
    42                          	EXTERN __modulong
    43                          	EXTERN __modulong_callee
    44                          	EXTERN __modulonglong
    45                          	EXTERN __modulonglong_callee
    46                          	EXTERN __moduschar
    47                          	EXTERN __moduschar_callee
    48                          	EXTERN __mulint
    49                          	EXTERN __mulint_callee
    50                          	EXTERN __mullong
    51                          	EXTERN __mullong_callee
    52                          	EXTERN __mullonglong
    53                          	EXTERN __mullonglong_callee
    54                          	EXTERN __mulschar
    55                          	EXTERN __mulschar_callee
    56                          	EXTERN __mulsuchar
    57                          	EXTERN __mulsuchar_callee
    58                          	EXTERN __muluchar
    59                          	EXTERN __muluchar_callee
    60                          	EXTERN __muluschar
    61                          	EXTERN __muluschar_callee
    62                          	EXTERN __rlslonglong
    63                          	EXTERN __rlslonglong_callee
    64                          	EXTERN __rlulonglong
    65                          	EXTERN __rlulonglong_callee
    66                          	EXTERN __rrslonglong
    67                          	EXTERN __rrslonglong_callee
    68                          	EXTERN __rrulonglong
    69                          	EXTERN __rrulonglong_callee
    70                          	EXTERN ___mulsint2slong
    71                          	EXTERN ___mulsint2slong_callee
    72                          	EXTERN ___muluint2ulong
    73                          	EXTERN ___muluint2ulong_callee
    74                          	EXTERN ___sdcc_call_hl
    75                          	EXTERN ___sdcc_call_iy
    76                          	EXTERN ___sdcc_enter_ix
    77                          	EXTERN banked_call
    78                          	EXTERN _banked_ret
    79                          	EXTERN ___fs2schar
    80                          	EXTERN ___fs2schar_callee
    81                          	EXTERN ___fs2sint
    82                          	EXTERN ___fs2sint_callee
    83                          	EXTERN ___fs2slong
    84                          	EXTERN ___fs2slong_callee
    85                          	EXTERN ___fs2slonglong
    86                          	EXTERN ___fs2slonglong_callee
    87                          	EXTERN ___fs2uchar
    88                          	EXTERN ___fs2uchar_callee
    89                          	EXTERN ___fs2uint
    90                          	EXTERN ___fs2uint_callee
    91                          	EXTERN ___fs2ulong
    92                          	EXTERN ___fs2ulong_callee
    93                          	EXTERN ___fs2ulonglong
    94                          	EXTERN ___fs2ulonglong_callee
    95                          	EXTERN ___fsadd
    96                          	EXTERN ___fsadd_callee
    97                          	EXTERN ___fsdiv
    98                          	EXTERN ___fsdiv_callee
    99                          	EXTERN ___fseq
   100                          	EXTERN ___fseq_callee
   101                          	EXTERN ___fsgt
   102                          	EXTERN ___fsgt_callee
   103                          	EXTERN ___fslt
   104                          	EXTERN ___fslt_callee
   105                          	EXTERN ___fsmul
   106                          	EXTERN ___fsmul_callee
   107                          	EXTERN ___fsneq
   108                          	EXTERN ___fsneq_callee
   109                          	EXTERN ___fssub
   110                          	EXTERN ___fssub_callee
   111                          	EXTERN ___schar2fs
   112                          	EXTERN ___schar2fs_callee
   113                          	EXTERN ___sint2fs
   114                          	EXTERN ___sint2fs_callee
   115                          	EXTERN ___slong2fs
   116                          	EXTERN ___slong2fs_callee
   117                          	EXTERN ___slonglong2fs
   118                          	EXTERN ___slonglong2fs_callee
   119                          	EXTERN ___uchar2fs
   120                          	EXTERN ___uchar2fs_callee
   121                          	EXTERN ___uint2fs
   122                          	EXTERN ___uint2fs_callee
   123                          	EXTERN ___ulong2fs
   124                          	EXTERN ___ulong2fs_callee
   125                          	EXTERN ___ulonglong2fs
   126                          	EXTERN ___ulonglong2fs_callee
   127                          	EXTERN ____sdcc_2_copy_src_mhl_dst_deix
   128                          	EXTERN ____sdcc_2_copy_src_mhl_dst_bcix
   129                          	EXTERN ____sdcc_4_copy_src_mhl_dst_deix
   130                          	EXTERN ____sdcc_4_copy_src_mhl_dst_bcix
   131                          	EXTERN ____sdcc_4_copy_src_mhl_dst_mbc
   132                          	EXTERN ____sdcc_4_ldi_nosave_bc
   133                          	EXTERN ____sdcc_4_ldi_save_bc
   134                          	EXTERN ____sdcc_4_push_hlix
   135                          	EXTERN ____sdcc_4_push_mhl
   136                          	EXTERN ____sdcc_lib_setmem_hl
   137                          	EXTERN ____sdcc_ll_add_de_bc_hl
   138                          	EXTERN ____sdcc_ll_add_de_bc_hlix
   139                          	EXTERN ____sdcc_ll_add_de_hlix_bc
   140                          	EXTERN ____sdcc_ll_add_de_hlix_bcix
   141                          	EXTERN ____sdcc_ll_add_deix_bc_hl
   142                          	EXTERN ____sdcc_ll_add_deix_hlix
   143                          	EXTERN ____sdcc_ll_add_hlix_bc_deix
   144                          	EXTERN ____sdcc_ll_add_hlix_deix_bc
   145                          	EXTERN ____sdcc_ll_add_hlix_deix_bcix
   146                          	EXTERN ____sdcc_ll_asr_hlix_a
   147                          	EXTERN ____sdcc_ll_asr_mbc_a
   148                          	EXTERN ____sdcc_ll_copy_src_de_dst_hlix
   149                          	EXTERN ____sdcc_ll_copy_src_de_dst_hlsp
   150                          	EXTERN ____sdcc_ll_copy_src_deix_dst_hl
   151                          	EXTERN ____sdcc_ll_copy_src_deix_dst_hlix
   152                          	EXTERN ____sdcc_ll_copy_src_deixm_dst_hlsp
   153                          	EXTERN ____sdcc_ll_copy_src_desp_dst_hlsp
   154                          	EXTERN ____sdcc_ll_copy_src_hl_dst_de
   155                          	EXTERN ____sdcc_ll_copy_src_hlsp_dst_de
   156                          	EXTERN ____sdcc_ll_copy_src_hlsp_dst_deixm
   157                          	EXTERN ____sdcc_ll_lsl_hlix_a
   158                          	EXTERN ____sdcc_ll_lsl_mbc_a
   159                          	EXTERN ____sdcc_ll_lsr_hlix_a
   160                          	EXTERN ____sdcc_ll_lsr_mbc_a
   161                          	EXTERN ____sdcc_ll_push_hlix
   162                          	EXTERN ____sdcc_ll_push_mhl
   163                          	EXTERN ____sdcc_ll_sub_de_bc_hl
   164                          	EXTERN ____sdcc_ll_sub_de_bc_hlix
   165                          	EXTERN ____sdcc_ll_sub_de_hlix_bc
   166                          	EXTERN ____sdcc_ll_sub_de_hlix_bcix
   167                          	EXTERN ____sdcc_ll_sub_deix_bc_hl
   168                          	EXTERN ____sdcc_ll_sub_deix_hlix
   169                          	EXTERN ____sdcc_ll_sub_hlix_bc_deix
   170                          	EXTERN ____sdcc_ll_sub_hlix_deix_bc
   171                          	EXTERN ____sdcc_ll_sub_hlix_deix_bcix
   172                          	EXTERN ____sdcc_load_debc_deix
   173                          	EXTERN ____sdcc_load_dehl_deix
   174                          	EXTERN ____sdcc_load_debc_mhl
   175                          	EXTERN ____sdcc_load_hlde_mhl
   176                          	EXTERN ____sdcc_store_dehl_bcix
   177                          	EXTERN ____sdcc_store_debc_hlix
   178                          	EXTERN ____sdcc_store_debc_mhl
   179                          	EXTERN ____sdcc_cpu_pop_ei
   180                          	EXTERN ____sdcc_cpu_pop_ei_jp
   181                          	EXTERN ____sdcc_cpu_push_di
   182                          	EXTERN ____sdcc_outi
   183                          	EXTERN ____sdcc_outi_128
   184                          	EXTERN ____sdcc_outi_256
   185                          	EXTERN ____sdcc_ldi
   186                          	EXTERN ____sdcc_ldi_128
   187                          	EXTERN ____sdcc_ldi_256
   188                          	EXTERN ____sdcc_4_copy_srcd_hlix_dst_deix
   189                          	EXTERN ____sdcc_4_and_src_mbc_mhl_dst_deix
   190                          	EXTERN ____sdcc_4_or_src_mbc_mhl_dst_deix
   191                          	EXTERN ____sdcc_4_xor_src_mbc_mhl_dst_deix
   192                          	EXTERN ____sdcc_4_or_src_dehl_dst_bcix
   193                          	EXTERN ____sdcc_4_xor_src_dehl_dst_bcix
   194                          	EXTERN ____sdcc_4_and_src_dehl_dst_bcix
   195                          	EXTERN ____sdcc_4_xor_src_mbc_mhl_dst_debc
   196                          	EXTERN ____sdcc_4_or_src_mbc_mhl_dst_debc
   197                          	EXTERN ____sdcc_4_and_src_mbc_mhl_dst_debc
   198                          	EXTERN ____sdcc_4_cpl_src_mhl_dst_debc
   199                          	EXTERN ____sdcc_4_xor_src_debc_mhl_dst_debc
   200                          	EXTERN ____sdcc_4_or_src_debc_mhl_dst_debc
   201                          	EXTERN ____sdcc_4_and_src_debc_mhl_dst_debc
   202                          	EXTERN ____sdcc_4_and_src_debc_hlix_dst_debc
   203                          	EXTERN ____sdcc_4_or_src_debc_hlix_dst_debc
   204                          	EXTERN ____sdcc_4_xor_src_debc_hlix_dst_debc
   205                          	.zxn
   206                          
   207                          ;--------------------------------------------------------
   208                          ; Public variables in this module
   209                          ;--------------------------------------------------------
   210                          	GLOBAL _fibonacci
   211                          ;--------------------------------------------------------
   212                          ; Externals used
   213                          ;--------------------------------------------------------
   214                          ;--------------------------------------------------------
   215                          ; special function registers
   216                          ;--------------------------------------------------------
   217                          ;--------------------------------------------------------
   218                          ; ram data
   219                          ;--------------------------------------------------------
   220                          	SECTION bss_compiler
   221                          ;--------------------------------------------------------
   222                          ; ram data
   223                          ;--------------------------------------------------------
   224                          
   225                          IF 0
   226                          
   227                          ; .area _INITIALIZED removed by z88dk
   228                          
   229                          
   230                          ENDIF
   231                          
   232                          ;--------------------------------------------------------
   233                          ; absolute external ram data
   234                          ;--------------------------------------------------------
   235                          	SECTION IGNORE
   236                          ;--------------------------------------------------------
   237                          ; global & static initialisations
   238                          ;--------------------------------------------------------
   239                          	SECTION code_crt_init
   240                          ;--------------------------------------------------------
   241                          ; Home
   242                          ;--------------------------------------------------------
   243                          	SECTION code_home
   244                          ;--------------------------------------------------------
   245                          ; code
   246                          ;--------------------------------------------------------
   247                          	SECTION code_compiler
   248                          ;src/math/fibonacci.c:4: int fibonacci(int n) {
   249                          ;	---------------------------------
   250                          ; Function fibonacci
   251                          ; ---------------------------------
   252                          _fibonacci:
   253  0000  dde5              	push	ix
   254  0002  dd210000          	ld	ix,0
   255  0006  dd39              	add	ix,sp
   256                          ;src/math/fibonacci.c:5: if (n <= 1) {
   257  0008  3e01              	ld	a,0x01
   258  000a  ddbe04            	cp	a,(ix+4)
   259  000d  3e00              	ld	a,0x00
   260  000f  dd9e05            	sbc	a,(ix+5)
   261  0012  e21700            	jp	PO, l_fibonacci_00112
   262  0015  ee80              	xor	a,0x80
   263                          l_fibonacci_00112:
   264  0017  fa2200            	jp	M, l_fibonacci_00102
   265                          ;src/math/fibonacci.c:6: return n;
   266  001a  dd6e04            	ld	l,(ix+4)
   267  001d  dd6605            	ld	h,(ix+5)
   268  0020  181d              	jr	l_fibonacci_00103
   269                          l_fibonacci_00102:
   270                          ;src/math/fibonacci.c:8: return fibonacci(n - 1) + fibonacci(n - 2);
   271  0022  dd4e04            	ld	c,(ix+4)
   272  0025  dd4605            	ld	b,(ix+5)
   273  0028  0b                	dec	bc
   274  0029  c5                	push	bc
   275  002a  cd0000            	call	_fibonacci
   276  002d  f1                	pop	af
   277  002e  eb                	ex	de, hl
   278  002f  dd4e04            	ld	c,(ix+4)
   279  0032  dd4605            	ld	b,(ix+5)
   280  0035  0b                	dec	bc
   281  0036  0b                	dec	bc
   282  0037  d5                	push	de
   283  0038  c5                	push	bc
   284  0039  cd0000            	call	_fibonacci
   285  003c  f1                	pop	af
   286  003d  d1                	pop	de
   287  003e  19                	add	hl, de
   288                          l_fibonacci_00103:
   289                          ;src/math/fibonacci.c:9: }
   290  003f  dde1              	pop	ix
   291  0041  c9                	ret
   292                          	SECTION IGNORE
   293                          
